!SESSION 2016-11-10 14:06:05.655 -----------------------------------------------
eclipse.buildId=unknown
java.version=1.7.0_80
java.vendor=Oracle Corporation
BootLoader constants: OS=win32, ARCH=x86_64, WS=win32, NL=zh_CN
Command-line arguments:  -dev file:E:/workspace/training/.metadata/.plugins/org.eclipse.pde.core/UI/dev.properties -os win32 -ws win32 -arch x86_64 -consoleLog -console

!ENTRY com.jiuqi.dna.demo.storage 4 0 2016-11-10 14:06:06.212
!MESSAGE FrameworkEvent ERROR
!STACK 0
org.osgi.framework.BundleException: The bundle "com.jiuqi.dna.demo.storage_1.0.0.qualifier [85]" could not be resolved. Reason: Missing Constraint: Require-Bundle: com.jiuqi.dna.core; bundle-version="0.0.0"
	at org.eclipse.osgi.framework.internal.core.AbstractBundle.getResolverError(AbstractBundle.java:1332)
	at org.eclipse.osgi.framework.internal.core.AbstractBundle.getResolutionFailureException(AbstractBundle.java:1316)
	at org.eclipse.osgi.framework.internal.core.BundleHost.startWorker(BundleHost.java:323)
	at org.eclipse.osgi.framework.internal.core.AbstractBundle.resume(AbstractBundle.java:390)
	at org.eclipse.osgi.framework.internal.core.Framework.resumeBundle(Framework.java:1176)
	at org.eclipse.osgi.framework.internal.core.StartLevelManager.resumeBundles(StartLevelManager.java:559)
	at org.eclipse.osgi.framework.internal.core.StartLevelManager.resumeBundles(StartLevelManager.java:544)
	at org.eclipse.osgi.framework.internal.core.StartLevelManager.incFWSL(StartLevelManager.java:457)
	at org.eclipse.osgi.framework.internal.core.StartLevelManager.doSetStartLevel(StartLevelManager.java:243)
	at org.eclipse.osgi.framework.internal.core.StartLevelManager.dispatchEvent(StartLevelManager.java:438)
	at org.eclipse.osgi.framework.internal.core.StartLevelManager.dispatchEvent(StartLevelManager.java:1)
	at org.eclipse.osgi.framework.eventmgr.EventManager.dispatchEvent(EventManager.java:230)
	at org.eclipse.osgi.framework.eventmgr.EventManager$EventThread.run(EventManager.java:340)

!ENTRY com.jiuqi.dna.demo.service 4 0 2016-11-10 14:06:06.214
!MESSAGE FrameworkEvent ERROR
!STACK 0
org.osgi.framework.BundleException: The bundle "com.jiuqi.dna.demo.service_1.0.0.qualifier [86]" could not be resolved. Reason: Missing Constraint: Require-Bundle: com.jiuqi.dna.core; bundle-version="3.6.0"
	at org.eclipse.osgi.framework.internal.core.AbstractBundle.getResolverError(AbstractBundle.java:1332)
	at org.eclipse.osgi.framework.internal.core.AbstractBundle.getResolutionFailureException(AbstractBundle.java:1316)
	at org.eclipse.osgi.framework.internal.core.BundleHost.startWorker(BundleHost.java:323)
	at org.eclipse.osgi.framework.internal.core.AbstractBundle.resume(AbstractBundle.java:390)
	at org.eclipse.osgi.framework.internal.core.Framework.resumeBundle(Framework.java:1176)
	at org.eclipse.osgi.framework.internal.core.StartLevelManager.resumeBundles(StartLevelManager.java:559)
	at org.eclipse.osgi.framework.internal.core.StartLevelManager.resumeBundles(StartLevelManager.java:544)
	at org.eclipse.osgi.framework.internal.core.StartLevelManager.incFWSL(StartLevelManager.java:457)
	at org.eclipse.osgi.framework.internal.core.StartLevelManager.doSetStartLevel(StartLevelManager.java:243)
	at org.eclipse.osgi.framework.internal.core.StartLevelManager.dispatchEvent(StartLevelManager.java:438)
	at org.eclipse.osgi.framework.internal.core.StartLevelManager.dispatchEvent(StartLevelManager.java:1)
	at org.eclipse.osgi.framework.eventmgr.EventManager.dispatchEvent(EventManager.java:230)
	at org.eclipse.osgi.framework.eventmgr.EventManager$EventThread.run(EventManager.java:340)

!ENTRY com.jiuqi.dna.demo.ui 4 0 2016-11-10 14:06:06.217
!MESSAGE FrameworkEvent ERROR
!STACK 0
org.osgi.framework.BundleException: The bundle "com.jiuqi.dna.demo.ui_1.0.0.qualifier [87]" could not be resolved. Reason: Missing Constraint: Require-Bundle: com.jiuqi.dna.ui.wt; bundle-version="0.0.0"
	at org.eclipse.osgi.framework.internal.core.AbstractBundle.getResolverError(AbstractBundle.java:1332)
	at org.eclipse.osgi.framework.internal.core.AbstractBundle.getResolutionFailureException(AbstractBundle.java:1316)
	at org.eclipse.osgi.framework.internal.core.BundleHost.startWorker(BundleHost.java:323)
	at org.eclipse.osgi.framework.internal.core.AbstractBundle.resume(AbstractBundle.java:390)
	at org.eclipse.osgi.framework.internal.core.Framework.resumeBundle(Framework.java:1176)
	at org.eclipse.osgi.framework.internal.core.StartLevelManager.resumeBundles(StartLevelManager.java:559)
	at org.eclipse.osgi.framework.internal.core.StartLevelManager.resumeBundles(StartLevelManager.java:544)
	at org.eclipse.osgi.framework.internal.core.StartLevelManager.incFWSL(StartLevelManager.java:457)
	at org.eclipse.osgi.framework.internal.core.StartLevelManager.doSetStartLevel(StartLevelManager.java:243)
	at org.eclipse.osgi.framework.internal.core.StartLevelManager.dispatchEvent(StartLevelManager.java:438)
	at org.eclipse.osgi.framework.internal.core.StartLevelManager.dispatchEvent(StartLevelManager.java:1)
	at org.eclipse.osgi.framework.eventmgr.EventManager.dispatchEvent(EventManager.java:230)
	at org.eclipse.osgi.framework.eventmgr.EventManager$EventThread.run(EventManager.java:340)

!ENTRY com.jiuqi.dna.ui.launch.web 4 0 2016-11-10 14:06:06.219
!MESSAGE FrameworkEvent ERROR
!STACK 0
org.osgi.framework.BundleException: The bundle "com.jiuqi.dna.ui.launch.web_2.0.0 [88]" could not be resolved. Reason: Missing Constraint: Require-Bundle: com.jiuqi.dna.core; bundle-version="0.0.0"
	at org.eclipse.osgi.framework.internal.core.AbstractBundle.getResolverError(AbstractBundle.java:1332)
	at org.eclipse.osgi.framework.internal.core.AbstractBundle.getResolutionFailureException(AbstractBundle.java:1316)
	at org.eclipse.osgi.framework.internal.core.BundleHost.startWorker(BundleHost.java:323)
	at org.eclipse.osgi.framework.internal.core.AbstractBundle.resume(AbstractBundle.java:390)
	at org.eclipse.osgi.framework.internal.core.Framework.resumeBundle(Framework.java:1176)
	at org.eclipse.osgi.framework.internal.core.StartLevelManager.resumeBundles(StartLevelManager.java:559)
	at org.eclipse.osgi.framework.internal.core.StartLevelManager.resumeBundles(StartLevelManager.java:544)
	at org.eclipse.osgi.framework.internal.core.StartLevelManager.incFWSL(StartLevelManager.java:457)
	at org.eclipse.osgi.framework.internal.core.StartLevelManager.doSetStartLevel(StartLevelManager.java:243)
	at org.eclipse.osgi.framework.internal.core.StartLevelManager.dispatchEvent(StartLevelManager.java:438)
	at org.eclipse.osgi.framework.internal.core.StartLevelManager.dispatchEvent(StartLevelManager.java:1)
	at org.eclipse.osgi.framework.eventmgr.EventManager.dispatchEvent(EventManager.java:230)
	at org.eclipse.osgi.framework.eventmgr.EventManager$EventThread.run(EventManager.java:340)

!ENTRY com.jiuqi.dna.ui.custom 4 0 2016-11-10 14:06:06.222
!MESSAGE FrameworkEvent ERROR
!STACK 0
org.osgi.framework.BundleException: The bundle "com.jiuqi.dna.ui.custom_2.0.0 [89]" could not be resolved. Reason: Missing Constraint: Require-Bundle: com.jiuqi.dna.ui.wt; bundle-version="0.0.0"
	at org.eclipse.osgi.framework.internal.core.AbstractBundle.getResolverError(AbstractBundle.java:1332)
	at org.eclipse.osgi.framework.internal.core.AbstractBundle.getResolutionFailureException(AbstractBundle.java:1316)
	at org.eclipse.osgi.framework.internal.core.BundleHost.startWorker(BundleHost.java:323)
	at org.eclipse.osgi.framework.internal.core.AbstractBundle.resume(AbstractBundle.java:390)
	at org.eclipse.osgi.framework.internal.core.Framework.resumeBundle(Framework.java:1176)
	at org.eclipse.osgi.framework.internal.core.StartLevelManager.resumeBundles(StartLevelManager.java:559)
	at org.eclipse.osgi.framework.internal.core.StartLevelManager.resumeBundles(StartLevelManager.java:544)
	at org.eclipse.osgi.framework.internal.core.StartLevelManager.incFWSL(StartLevelManager.java:457)
	at org.eclipse.osgi.framework.internal.core.StartLevelManager.doSetStartLevel(StartLevelManager.java:243)
	at org.eclipse.osgi.framework.internal.core.StartLevelManager.dispatchEvent(StartLevelManager.java:438)
	at org.eclipse.osgi.framework.internal.core.StartLevelManager.dispatchEvent(StartLevelManager.java:1)
	at org.eclipse.osgi.framework.eventmgr.EventManager.dispatchEvent(EventManager.java:230)
	at org.eclipse.osgi.framework.eventmgr.EventManager$EventThread.run(EventManager.java:340)

!ENTRY com.jiuqi.dna.ui.wt 4 0 2016-11-10 14:06:06.324
!MESSAGE FrameworkEvent ERROR
!STACK 0
org.osgi.framework.BundleException: The bundle "com.jiuqi.dna.ui.wt_2.0.0 [98]" could not be resolved. Reason: Missing Constraint: Require-Bundle: com.jiuqi.dna.ui.engine; bundle-version="0.0.0"
	at org.eclipse.osgi.framework.internal.core.AbstractBundle.getResolverError(AbstractBundle.java:1332)
	at org.eclipse.osgi.framework.internal.core.AbstractBundle.getResolutionFailureException(AbstractBundle.java:1316)
	at org.eclipse.osgi.framework.internal.core.BundleHost.startWorker(BundleHost.java:323)
	at org.eclipse.osgi.framework.internal.core.AbstractBundle.resume(AbstractBundle.java:390)
	at org.eclipse.osgi.framework.internal.core.Framework.resumeBundle(Framework.java:1176)
	at org.eclipse.osgi.framework.internal.core.StartLevelManager.resumeBundles(StartLevelManager.java:559)
	at org.eclipse.osgi.framework.internal.core.StartLevelManager.resumeBundles(StartLevelManager.java:544)
	at org.eclipse.osgi.framework.internal.core.StartLevelManager.incFWSL(StartLevelManager.java:457)
	at org.eclipse.osgi.framework.internal.core.StartLevelManager.doSetStartLevel(StartLevelManager.java:243)
	at org.eclipse.osgi.framework.internal.core.StartLevelManager.dispatchEvent(StartLevelManager.java:438)
	at org.eclipse.osgi.framework.internal.core.StartLevelManager.dispatchEvent(StartLevelManager.java:1)
	at org.eclipse.osgi.framework.eventmgr.EventManager.dispatchEvent(EventManager.java:230)
	at org.eclipse.osgi.framework.eventmgr.EventManager$EventThread.run(EventManager.java:340)

!ENTRY com.jiuqi.dna.ui.lightweight 4 0 2016-11-10 14:06:06.351
!MESSAGE FrameworkEvent ERROR
!STACK 0
org.osgi.framework.BundleException: The bundle "com.jiuqi.dna.ui.lightweight_2.0.0 [106]" could not be resolved. Reason: Missing Constraint: Require-Bundle: com.jiuqi.dna.ui.common; bundle-version="0.0.0"
	at org.eclipse.osgi.framework.internal.core.AbstractBundle.getResolverError(AbstractBundle.java:1332)
	at org.eclipse.osgi.framework.internal.core.AbstractBundle.getResolutionFailureException(AbstractBundle.java:1316)
	at org.eclipse.osgi.framework.internal.core.BundleHost.startWorker(BundleHost.java:323)
	at org.eclipse.osgi.framework.internal.core.AbstractBundle.resume(AbstractBundle.java:390)
	at org.eclipse.osgi.framework.internal.core.Framework.resumeBundle(Framework.java:1176)
	at org.eclipse.osgi.framework.internal.core.StartLevelManager.resumeBundles(StartLevelManager.java:559)
	at org.eclipse.osgi.framework.internal.core.StartLevelManager.resumeBundles(StartLevelManager.java:544)
	at org.eclipse.osgi.framework.internal.core.StartLevelManager.incFWSL(StartLevelManager.java:457)
	at org.eclipse.osgi.framework.internal.core.StartLevelManager.doSetStartLevel(StartLevelManager.java:243)
	at org.eclipse.osgi.framework.internal.core.StartLevelManager.dispatchEvent(StartLevelManager.java:438)
	at org.eclipse.osgi.framework.internal.core.StartLevelManager.dispatchEvent(StartLevelManager.java:1)
	at org.eclipse.osgi.framework.eventmgr.EventManager.dispatchEvent(EventManager.java:230)
	at org.eclipse.osgi.framework.eventmgr.EventManager$EventThread.run(EventManager.java:340)

!ENTRY org.eclipse.equinox.jsp.jasper 4 0 2016-11-10 14:06:06.374
!MESSAGE FrameworkEvent ERROR
!STACK 0
org.osgi.framework.BundleException: The bundle "org.eclipse.equinox.jsp.jasper_1.0.400.v20130327-1442 [111]" could not be resolved. Reason: Missing Constraint: Import-Package: org.apache.jasper.servlet; version="[0.0.0,6.0.0)"
	at org.eclipse.osgi.framework.internal.core.AbstractBundle.getResolverError(AbstractBundle.java:1332)
	at org.eclipse.osgi.framework.internal.core.AbstractBundle.getResolutionFailureException(AbstractBundle.java:1316)
	at org.eclipse.osgi.framework.internal.core.BundleHost.startWorker(BundleHost.java:323)
	at org.eclipse.osgi.framework.internal.core.AbstractBundle.resume(AbstractBundle.java:390)
	at org.eclipse.osgi.framework.internal.core.Framework.resumeBundle(Framework.java:1176)
	at org.eclipse.osgi.framework.internal.core.StartLevelManager.resumeBundles(StartLevelManager.java:559)
	at org.eclipse.osgi.framework.internal.core.StartLevelManager.resumeBundles(StartLevelManager.java:544)
	at org.eclipse.osgi.framework.internal.core.StartLevelManager.incFWSL(StartLevelManager.java:457)
	at org.eclipse.osgi.framework.internal.core.StartLevelManager.doSetStartLevel(StartLevelManager.java:243)
	at org.eclipse.osgi.framework.internal.core.StartLevelManager.dispatchEvent(StartLevelManager.java:438)
	at org.eclipse.osgi.framework.internal.core.StartLevelManager.dispatchEvent(StartLevelManager.java:1)
	at org.eclipse.osgi.framework.eventmgr.EventManager.dispatchEvent(EventManager.java:230)
	at org.eclipse.osgi.framework.eventmgr.EventManager$EventThread.run(EventManager.java:340)

!ENTRY com.jiuqi.dna.ui.tm.desktop 4 0 2016-11-10 14:06:06.378
!MESSAGE FrameworkEvent ERROR
!STACK 0
org.osgi.framework.BundleException: The bundle "com.jiuqi.dna.ui.tm.desktop_2.0.0 [116]" could not be resolved. Reason: Missing Constraint: Require-Bundle: com.jiuqi.dna.ui.launch; bundle-version="0.0.0"
	at org.eclipse.osgi.framework.internal.core.AbstractBundle.getResolverError(AbstractBundle.java:1332)
	at org.eclipse.osgi.framework.internal.core.AbstractBundle.getResolutionFailureException(AbstractBundle.java:1316)
	at org.eclipse.osgi.framework.internal.core.BundleHost.startWorker(BundleHost.java:323)
	at org.eclipse.osgi.framework.internal.core.AbstractBundle.resume(AbstractBundle.java:390)
	at org.eclipse.osgi.framework.internal.core.Framework.resumeBundle(Framework.java:1176)
	at org.eclipse.osgi.framework.internal.core.StartLevelManager.resumeBundles(StartLevelManager.java:559)
	at org.eclipse.osgi.framework.internal.core.StartLevelManager.resumeBundles(StartLevelManager.java:544)
	at org.eclipse.osgi.framework.internal.core.StartLevelManager.incFWSL(StartLevelManager.java:457)
	at org.eclipse.osgi.framework.internal.core.StartLevelManager.doSetStartLevel(StartLevelManager.java:243)
	at org.eclipse.osgi.framework.internal.core.StartLevelManager.dispatchEvent(StartLevelManager.java:438)
	at org.eclipse.osgi.framework.internal.core.StartLevelManager.dispatchEvent(StartLevelManager.java:1)
	at org.eclipse.osgi.framework.eventmgr.EventManager.dispatchEvent(EventManager.java:230)
	at org.eclipse.osgi.framework.eventmgr.EventManager$EventThread.run(EventManager.java:340)

!ENTRY com.jiuqi.dna.ui.monitor 4 0 2016-11-10 14:06:06.380
!MESSAGE FrameworkEvent ERROR
!STACK 0
org.osgi.framework.BundleException: The bundle "com.jiuqi.dna.ui.monitor_2.0.0 [117]" could not be resolved. Reason: Missing Constraint: Require-Bundle: com.jiuqi.dna.ui.launch; bundle-version="0.0.0"
	at org.eclipse.osgi.framework.internal.core.AbstractBundle.getResolverError(AbstractBundle.java:1332)
	at org.eclipse.osgi.framework.internal.core.AbstractBundle.getResolutionFailureException(AbstractBundle.java:1316)
	at org.eclipse.osgi.framework.internal.core.BundleHost.startWorker(BundleHost.java:323)
	at org.eclipse.osgi.framework.internal.core.AbstractBundle.resume(AbstractBundle.java:390)
	at org.eclipse.osgi.framework.internal.core.Framework.resumeBundle(Framework.java:1176)
	at org.eclipse.osgi.framework.internal.core.StartLevelManager.resumeBundles(StartLevelManager.java:559)
	at org.eclipse.osgi.framework.internal.core.StartLevelManager.resumeBundles(StartLevelManager.java:544)
	at org.eclipse.osgi.framework.internal.core.StartLevelManager.incFWSL(StartLevelManager.java:457)
	at org.eclipse.osgi.framework.internal.core.StartLevelManager.doSetStartLevel(StartLevelManager.java:243)
	at org.eclipse.osgi.framework.internal.core.StartLevelManager.dispatchEvent(StartLevelManager.java:438)
	at org.eclipse.osgi.framework.internal.core.StartLevelManager.dispatchEvent(StartLevelManager.java:1)
	at org.eclipse.osgi.framework.eventmgr.EventManager.dispatchEvent(EventManager.java:230)
	at org.eclipse.osgi.framework.eventmgr.EventManager$EventThread.run(EventManager.java:340)

!ENTRY com.jiuqi.dna.ui.common 4 0 2016-11-10 14:06:06.383
!MESSAGE FrameworkEvent ERROR
!STACK 0
org.osgi.framework.BundleException: The bundle "com.jiuqi.dna.ui.common_2.5.1 [119]" could not be resolved. Reason: Missing Constraint: Require-Bundle: com.jiuqi.dna.core; bundle-version="2.5.0"
	at org.eclipse.osgi.framework.internal.core.AbstractBundle.getResolverError(AbstractBundle.java:1332)
	at org.eclipse.osgi.framework.internal.core.AbstractBundle.getResolutionFailureException(AbstractBundle.java:1316)
	at org.eclipse.osgi.framework.internal.core.BundleHost.startWorker(BundleHost.java:323)
	at org.eclipse.osgi.framework.internal.core.AbstractBundle.resume(AbstractBundle.java:390)
	at org.eclipse.osgi.framework.internal.core.Framework.resumeBundle(Framework.java:1176)
	at org.eclipse.osgi.framework.internal.core.StartLevelManager.resumeBundles(StartLevelManager.java:559)
	at org.eclipse.osgi.framework.internal.core.StartLevelManager.resumeBundles(StartLevelManager.java:544)
	at org.eclipse.osgi.framework.internal.core.StartLevelManager.incFWSL(StartLevelManager.java:457)
	at org.eclipse.osgi.framework.internal.core.StartLevelManager.doSetStartLevel(StartLevelManager.java:243)
	at org.eclipse.osgi.framework.internal.core.StartLevelManager.dispatchEvent(StartLevelManager.java:438)
	at org.eclipse.osgi.framework.internal.core.StartLevelManager.dispatchEvent(StartLevelManager.java:1)
	at org.eclipse.osgi.framework.eventmgr.EventManager.dispatchEvent(EventManager.java:230)
	at org.eclipse.osgi.framework.eventmgr.EventManager$EventThread.run(EventManager.java:340)

!ENTRY com.jiuqi.dna.core 4 0 2016-11-10 14:06:06.386
!MESSAGE FrameworkEvent ERROR
!STACK 0
org.osgi.framework.BundleException: The bundle "com.jiuqi.dna.core_3.3.0 [122]" could not be resolved. Reason: Missing Constraint: Require-Bundle: com.jiuqi.dna.bridge.proxy; bundle-version="1.0.0"
	at org.eclipse.osgi.framework.internal.core.AbstractBundle.getResolverError(AbstractBundle.java:1332)
	at org.eclipse.osgi.framework.internal.core.AbstractBundle.getResolutionFailureException(AbstractBundle.java:1316)
	at org.eclipse.osgi.framework.internal.core.BundleHost.startWorker(BundleHost.java:323)
	at org.eclipse.osgi.framework.internal.core.AbstractBundle.resume(AbstractBundle.java:390)
	at org.eclipse.osgi.framework.internal.core.Framework.resumeBundle(Framework.java:1176)
	at org.eclipse.osgi.framework.internal.core.StartLevelManager.resumeBundles(StartLevelManager.java:559)
	at org.eclipse.osgi.framework.internal.core.StartLevelManager.resumeBundles(StartLevelManager.java:544)
	at org.eclipse.osgi.framework.internal.core.StartLevelManager.incFWSL(StartLevelManager.java:457)
	at org.eclipse.osgi.framework.internal.core.StartLevelManager.doSetStartLevel(StartLevelManager.java:243)
	at org.eclipse.osgi.framework.internal.core.StartLevelManager.dispatchEvent(StartLevelManager.java:438)
	at org.eclipse.osgi.framework.internal.core.StartLevelManager.dispatchEvent(StartLevelManager.java:1)
	at org.eclipse.osgi.framework.eventmgr.EventManager.dispatchEvent(EventManager.java:230)
	at org.eclipse.osgi.framework.eventmgr.EventManager$EventThread.run(EventManager.java:340)

!ENTRY com.jiuqi.dna.ui.engine 4 0 2016-11-10 14:06:06.398
!MESSAGE FrameworkEvent ERROR
!STACK 0
org.osgi.framework.BundleException: The bundle "com.jiuqi.dna.ui.engine_2.0.0 [124]" could not be resolved. Reason: Missing Constraint: Require-Bundle: com.jiuqi.dna.core; bundle-version="0.0.0"
	at org.eclipse.osgi.framework.internal.core.AbstractBundle.getResolverError(AbstractBundle.java:1332)
	at org.eclipse.osgi.framework.internal.core.AbstractBundle.getResolutionFailureException(AbstractBundle.java:1316)
	at org.eclipse.osgi.framework.internal.core.BundleHost.startWorker(BundleHost.java:323)
	at org.eclipse.osgi.framework.internal.core.AbstractBundle.resume(AbstractBundle.java:390)
	at org.eclipse.osgi.framework.internal.core.Framework.resumeBundle(Framework.java:1176)
	at org.eclipse.osgi.framework.internal.core.StartLevelManager.resumeBundles(StartLevelManager.java:559)
	at org.eclipse.osgi.framework.internal.core.StartLevelManager.resumeBundles(StartLevelManager.java:544)
	at org.eclipse.osgi.framework.internal.core.StartLevelManager.incFWSL(StartLevelManager.java:457)
	at org.eclipse.osgi.framework.internal.core.StartLevelManager.doSetStartLevel(StartLevelManager.java:243)
	at org.eclipse.osgi.framework.internal.core.StartLevelManager.dispatchEvent(StartLevelManager.java:438)
	at org.eclipse.osgi.framework.internal.core.StartLevelManager.dispatchEvent(StartLevelManager.java:1)
	at org.eclipse.osgi.framework.eventmgr.EventManager.dispatchEvent(EventManager.java:230)
	at org.eclipse.osgi.framework.eventmgr.EventManager$EventThread.run(EventManager.java:340)

!ENTRY com.jiuqi.dna.ui.launch 4 0 2016-11-10 14:06:06.399
!MESSAGE FrameworkEvent ERROR
!STACK 0
org.osgi.framework.BundleException: The bundle "com.jiuqi.dna.ui.launch_2.0.0 [126]" could not be resolved. Reason: Missing Constraint: Require-Bundle: com.jiuqi.dna.core; bundle-version="0.0.0"
	at org.eclipse.osgi.framework.internal.core.AbstractBundle.getResolverError(AbstractBundle.java:1332)
	at org.eclipse.osgi.framework.internal.core.AbstractBundle.getResolutionFailureException(AbstractBundle.java:1316)
	at org.eclipse.osgi.framework.internal.core.BundleHost.startWorker(BundleHost.java:323)
	at org.eclipse.osgi.framework.internal.core.AbstractBundle.resume(AbstractBundle.java:390)
	at org.eclipse.osgi.framework.internal.core.Framework.resumeBundle(Framework.java:1176)
	at org.eclipse.osgi.framework.internal.core.StartLevelManager.resumeBundles(StartLevelManager.java:559)
	at org.eclipse.osgi.framework.internal.core.StartLevelManager.resumeBundles(StartLevelManager.java:544)
	at org.eclipse.osgi.framework.internal.core.StartLevelManager.incFWSL(StartLevelManager.java:457)
	at org.eclipse.osgi.framework.internal.core.StartLevelManager.doSetStartLevel(StartLevelManager.java:243)
	at org.eclipse.osgi.framework.internal.core.StartLevelManager.dispatchEvent(StartLevelManager.java:438)
	at org.eclipse.osgi.framework.internal.core.StartLevelManager.dispatchEvent(StartLevelManager.java:1)
	at org.eclipse.osgi.framework.eventmgr.EventManager.dispatchEvent(EventManager.java:230)
	at org.eclipse.osgi.framework.eventmgr.EventManager$EventThread.run(EventManager.java:340)

!ENTRY com.jiuqi.dna.ui.thr.ole 4 0 2016-11-10 14:06:06.399
!MESSAGE FrameworkEvent ERROR
!STACK 0
org.osgi.framework.BundleException: The bundle "com.jiuqi.dna.ui.thr.ole_2.0.0 [127]" could not be resolved. Reason: Missing Constraint: Require-Bundle: com.jiuqi.dna.ui.common; bundle-version="0.0.0"
	at org.eclipse.osgi.framework.internal.core.AbstractBundle.getResolverError(AbstractBundle.java:1332)
	at org.eclipse.osgi.framework.internal.core.AbstractBundle.getResolutionFailureException(AbstractBundle.java:1316)
	at org.eclipse.osgi.framework.internal.core.BundleHost.startWorker(BundleHost.java:323)
	at org.eclipse.osgi.framework.internal.core.AbstractBundle.resume(AbstractBundle.java:390)
	at org.eclipse.osgi.framework.internal.core.Framework.resumeBundle(Framework.java:1176)
	at org.eclipse.osgi.framework.internal.core.StartLevelManager.resumeBundles(StartLevelManager.java:559)
	at org.eclipse.osgi.framework.internal.core.StartLevelManager.resumeBundles(StartLevelManager.java:544)
	at org.eclipse.osgi.framework.internal.core.StartLevelManager.incFWSL(StartLevelManager.java:457)
	at org.eclipse.osgi.framework.internal.core.StartLevelManager.doSetStartLevel(StartLevelManager.java:243)
	at org.eclipse.osgi.framework.internal.core.StartLevelManager.dispatchEvent(StartLevelManager.java:438)
	at org.eclipse.osgi.framework.internal.core.StartLevelManager.dispatchEvent(StartLevelManager.java:1)
	at org.eclipse.osgi.framework.eventmgr.EventManager.dispatchEvent(EventManager.java:230)
	at org.eclipse.osgi.framework.eventmgr.EventManager$EventThread.run(EventManager.java:340)

!ENTRY com.jiuqi.dna.ui.wt.adapter.browser2 4 0 2016-11-10 14:06:06.411
!MESSAGE FrameworkEvent ERROR
!STACK 0
org.osgi.framework.BundleException: The bundle "com.jiuqi.dna.ui.wt.adapter.browser2_1.0.0 [131]" could not be resolved. Reason: Missing Constraint: Require-Bundle: com.jiuqi.dna.ui.engine; bundle-version="0.0.0"
	at org.eclipse.osgi.framework.internal.core.AbstractBundle.getResolverError(AbstractBundle.java:1332)
	at org.eclipse.osgi.framework.internal.core.AbstractBundle.getResolutionFailureException(AbstractBundle.java:1316)
	at org.eclipse.osgi.framework.internal.core.BundleHost.startWorker(BundleHost.java:323)
	at org.eclipse.osgi.framework.internal.core.AbstractBundle.resume(AbstractBundle.java:390)
	at org.eclipse.osgi.framework.internal.core.Framework.resumeBundle(Framework.java:1176)
	at org.eclipse.osgi.framework.internal.core.StartLevelManager.resumeBundles(StartLevelManager.java:559)
	at org.eclipse.osgi.framework.internal.core.StartLevelManager.resumeBundles(StartLevelManager.java:544)
	at org.eclipse.osgi.framework.internal.core.StartLevelManager.incFWSL(StartLevelManager.java:457)
	at org.eclipse.osgi.framework.internal.core.StartLevelManager.doSetStartLevel(StartLevelManager.java:243)
	at org.eclipse.osgi.framework.internal.core.StartLevelManager.dispatchEvent(StartLevelManager.java:438)
	at org.eclipse.osgi.framework.internal.core.StartLevelManager.dispatchEvent(StartLevelManager.java:1)
	at org.eclipse.osgi.framework.eventmgr.EventManager.dispatchEvent(EventManager.java:230)
	at org.eclipse.osgi.framework.eventmgr.EventManager$EventThread.run(EventManager.java:340)

!ENTRY com.jiuqi.nlib.dna 4 0 2016-11-10 14:06:06.414
!MESSAGE FrameworkEvent ERROR
!STACK 0
org.osgi.framework.BundleException: The bundle "com.jiuqi.nlib.dna_1.0.0 [135]" could not be resolved. Reason: Missing Constraint: Require-Bundle: com.jiuqi.dna.core; bundle-version="1.0.0"
	at org.eclipse.osgi.framework.internal.core.AbstractBundle.getResolverError(AbstractBundle.java:1332)
	at org.eclipse.osgi.framework.internal.core.AbstractBundle.getResolutionFailureException(AbstractBundle.java:1316)
	at org.eclipse.osgi.framework.internal.core.BundleHost.startWorker(BundleHost.java:323)
	at org.eclipse.osgi.framework.internal.core.AbstractBundle.resume(AbstractBundle.java:390)
	at org.eclipse.osgi.framework.internal.core.Framework.resumeBundle(Framework.java:1176)
	at org.eclipse.osgi.framework.internal.core.StartLevelManager.resumeBundles(StartLevelManager.java:559)
	at org.eclipse.osgi.framework.internal.core.StartLevelManager.resumeBundles(StartLevelManager.java:544)
	at org.eclipse.osgi.framework.internal.core.StartLevelManager.incFWSL(StartLevelManager.java:457)
	at org.eclipse.osgi.framework.internal.core.StartLevelManager.doSetStartLevel(StartLevelManager.java:243)
	at org.eclipse.osgi.framework.internal.core.StartLevelManager.dispatchEvent(StartLevelManager.java:438)
	at org.eclipse.osgi.framework.internal.core.StartLevelManager.dispatchEvent(StartLevelManager.java:1)
	at org.eclipse.osgi.framework.eventmgr.EventManager.dispatchEvent(EventManager.java:230)
	at org.eclipse.osgi.framework.eventmgr.EventManager$EventThread.run(EventManager.java:340)

!ENTRY com.jiuqi.dna.ui.wt.adapter.desktop 4 0 2016-11-10 14:06:06.417
!MESSAGE FrameworkEvent ERROR
!STACK 0
org.osgi.framework.BundleException: The bundle "com.jiuqi.dna.ui.wt.adapter.desktop_2.0.0 [139]" could not be resolved. Reason: Missing Constraint: Require-Bundle: com.jiuqi.dna.ui.engine; bundle-version="0.0.0"
	at org.eclipse.osgi.framework.internal.core.AbstractBundle.getResolverError(AbstractBundle.java:1332)
	at org.eclipse.osgi.framework.internal.core.AbstractBundle.getResolutionFailureException(AbstractBundle.java:1316)
	at org.eclipse.osgi.framework.internal.core.BundleHost.startWorker(BundleHost.java:323)
	at org.eclipse.osgi.framework.internal.core.AbstractBundle.resume(AbstractBundle.java:390)
	at org.eclipse.osgi.framework.internal.core.Framework.resumeBundle(Framework.java:1176)
	at org.eclipse.osgi.framework.internal.core.StartLevelManager.resumeBundles(StartLevelManager.java:559)
	at org.eclipse.osgi.framework.internal.core.StartLevelManager.resumeBundles(StartLevelManager.java:544)
	at org.eclipse.osgi.framework.internal.core.StartLevelManager.incFWSL(StartLevelManager.java:457)
	at org.eclipse.osgi.framework.internal.core.StartLevelManager.doSetStartLevel(StartLevelManager.java:243)
	at org.eclipse.osgi.framework.internal.core.StartLevelManager.dispatchEvent(StartLevelManager.java:438)
	at org.eclipse.osgi.framework.internal.core.StartLevelManager.dispatchEvent(StartLevelManager.java:1)
	at org.eclipse.osgi.framework.eventmgr.EventManager.dispatchEvent(EventManager.java:230)
	at org.eclipse.osgi.framework.eventmgr.EventManager$EventThread.run(EventManager.java:340)

!ENTRY com.jiuqi.dna.ui.platform.update 4 0 2016-11-10 14:06:06.420
!MESSAGE FrameworkEvent ERROR
!STACK 0
org.osgi.framework.BundleException: The bundle "com.jiuqi.dna.ui.platform.update_2.0.0 [142]" could not be resolved. Reason: Missing Constraint: Require-Bundle: com.jiuqi.dna.ui.engine; bundle-version="0.0.0"
	at org.eclipse.osgi.framework.internal.core.AbstractBundle.getResolverError(AbstractBundle.java:1332)
	at org.eclipse.osgi.framework.internal.core.AbstractBundle.getResolutionFailureException(AbstractBundle.java:1316)
	at org.eclipse.osgi.framework.internal.core.BundleHost.startWorker(BundleHost.java:323)
	at org.eclipse.osgi.framework.internal.core.AbstractBundle.resume(AbstractBundle.java:390)
	at org.eclipse.osgi.framework.internal.core.Framework.resumeBundle(Framework.java:1176)
	at org.eclipse.osgi.framework.internal.core.StartLevelManager.resumeBundles(StartLevelManager.java:559)
	at org.eclipse.osgi.framework.internal.core.StartLevelManager.resumeBundles(StartLevelManager.java:544)
	at org.eclipse.osgi.framework.internal.core.StartLevelManager.incFWSL(StartLevelManager.java:457)
	at org.eclipse.osgi.framework.internal.core.StartLevelManager.doSetStartLevel(StartLevelManager.java:243)
	at org.eclipse.osgi.framework.internal.core.StartLevelManager.dispatchEvent(StartLevelManager.java:438)
	at org.eclipse.osgi.framework.internal.core.StartLevelManager.dispatchEvent(StartLevelManager.java:1)
	at org.eclipse.osgi.framework.eventmgr.EventManager.dispatchEvent(EventManager.java:230)
	at org.eclipse.osgi.framework.eventmgr.EventManager$EventThread.run(EventManager.java:340)

!ENTRY org.eclipse.osgi 4 0 2016-11-10 14:06:06.422
!MESSAGE Bundle initial@reference:file:plugins/com.jiuqi.dna.ui.launch.web_2.0.0.jar was not resolved.

!ENTRY org.eclipse.osgi 4 0 2016-11-10 14:06:06.422
!MESSAGE Bundle initial@reference:file:plugins/com.jiuqi.dna.ui.custom_2.0.0.jar was not resolved.

!ENTRY org.eclipse.osgi 4 0 2016-11-10 14:06:06.423
!MESSAGE Bundle initial@reference:file:plugins/com.jiuqi.dna.ui.wt_2.0.0.jar was not resolved.

!ENTRY org.eclipse.osgi 4 0 2016-11-10 14:06:06.423
!MESSAGE Bundle initial@reference:file:plugins/com.jiuqi.dna.ui.lightweight_2.0.0.jar was not resolved.

!ENTRY org.eclipse.osgi 4 0 2016-11-10 14:06:06.423
!MESSAGE Bundle initial@reference:file:plugins/org.eclipse.equinox.jsp.jasper_1.0.400.v20130327-1442.jar was not resolved.

!ENTRY org.eclipse.osgi 4 0 2016-11-10 14:06:06.424
!MESSAGE Bundle initial@reference:file:E:/workspace/training/com.jiuqi.dna.demo.storage/ was not resolved.

!ENTRY org.eclipse.osgi 4 0 2016-11-10 14:06:06.424
!MESSAGE Bundle initial@reference:file:plugins/com.jiuqi.dna.ui.tm.desktop_2.0.0.jar was not resolved.

!ENTRY org.eclipse.osgi 4 0 2016-11-10 14:06:06.424
!MESSAGE Bundle initial@reference:file:plugins/com.jiuqi.dna.ui.monitor_2.0.0.jar was not resolved.

!ENTRY org.eclipse.osgi 4 0 2016-11-10 14:06:06.424
!MESSAGE Bundle initial@reference:file:plugins/com.jiuqi.dna.ui.common_2.5.1.jar was not resolved.

!ENTRY org.eclipse.osgi 4 0 2016-11-10 14:06:06.424
!MESSAGE Bundle initial@reference:file:E:/workspace/training/com.jiuqi.dna.demo.service/ was not resolved.

!ENTRY org.eclipse.osgi 4 0 2016-11-10 14:06:06.425
!MESSAGE Bundle initial@reference:file:E:/workspace/training/com.jiuqi.dna.demo.ui/ was not resolved.

!ENTRY org.eclipse.osgi 4 0 2016-11-10 14:06:06.425
!MESSAGE Bundle initial@reference:file:plugins/com.jiuqi.dna.core_3.3.0.jar was not resolved.

!ENTRY org.eclipse.osgi 4 0 2016-11-10 14:06:06.425
!MESSAGE Bundle initial@reference:file:plugins/com.jiuqi.dna.ui.engine_2.0.0.jar was not resolved.

!ENTRY org.eclipse.osgi 4 0 2016-11-10 14:06:06.425
!MESSAGE Bundle initial@reference:file:plugins/com.jiuqi.dna.ui.launch_2.0.0.jar was not resolved.

!ENTRY org.eclipse.osgi 4 0 2016-11-10 14:06:06.425
!MESSAGE Bundle initial@reference:file:plugins/com.jiuqi.dna.ui.thr.ole_2.0.0.jar was not resolved.

!ENTRY org.eclipse.osgi 4 0 2016-11-10 14:06:06.426
!MESSAGE Bundle initial@reference:file:plugins/com.jiuqi.dna.ui.wt.adapter.browser2_1.0.0.jar was not resolved.

!ENTRY org.eclipse.osgi 4 0 2016-11-10 14:06:06.426
!MESSAGE Bundle initial@reference:file:plugins/com.jiuqi.nlib.dna_1.0.0/ was not resolved.

!ENTRY org.eclipse.osgi 4 0 2016-11-10 14:06:06.426
!MESSAGE Bundle initial@reference:file:plugins/com.jiuqi.dna.ui.wt.adapter.desktop_2.0.0.jar was not resolved.

!ENTRY org.eclipse.osgi 4 0 2016-11-10 14:06:06.426
!MESSAGE Bundle initial@reference:file:plugins/com.jiuqi.dna.ui.platform.update_2.0.0.jar was not resolved.

!ENTRY org.eclipse.osgi 2 0 2016-11-10 14:06:06.446
!MESSAGE One or more bundles are not resolved because the following root constraints are not resolved:
!SUBENTRY 1 org.eclipse.osgi 2 0 2016-11-10 14:06:06.446
!MESSAGE Bundle initial@reference:file:plugins/com.jiuqi.dna.core_3.3.0.jar was not resolved.
!SUBENTRY 2 com.jiuqi.dna.core 2 0 2016-11-10 14:06:06.446
!MESSAGE Missing required bundle com.jiuqi.dna.bridge.proxy_1.0.0.
!SUBENTRY 2 com.jiuqi.dna.core 2 0 2016-11-10 14:06:06.446
!MESSAGE Missing required bundle com.jiuqi.dna.ide.boot_1.0.0.
!SUBENTRY 1 org.eclipse.osgi 2 0 2016-11-10 14:06:06.446
!MESSAGE Bundle initial@reference:file:E:/workspace/training/com.jiuqi.dna.demo.ui/ was not resolved.
!SUBENTRY 2 com.jiuqi.dna.demo.ui 2 0 2016-11-10 14:06:06.446
!MESSAGE Missing required bundle com.jiuqi.dna.ui.portal.core_1.0.0.
!SUBENTRY 2 com.jiuqi.dna.demo.ui 2 0 2016-11-10 14:06:06.446
!MESSAGE Missing required bundle com.jiuqi.dna.bap.common_1.0.0.
!SUBENTRY 1 org.eclipse.osgi 2 0 2016-11-10 14:06:06.446
!MESSAGE Bundle initial@reference:file:E:/workspace/training/com.jiuqi.dna.demo.service/ was not resolved.
!SUBENTRY 2 com.jiuqi.dna.demo.service 2 0 2016-11-10 14:06:06.446
!MESSAGE Missing required bundle com.jiuqi.dna.core_3.6.0.
!SUBENTRY 1 org.eclipse.osgi 2 0 2016-11-10 14:06:06.447
!MESSAGE Bundle initial@reference:file:plugins/org.eclipse.equinox.jsp.jasper_1.0.400.v20130327-1442.jar was not resolved.
!SUBENTRY 2 org.eclipse.equinox.jsp.jasper 2 0 2016-11-10 14:06:06.447
!MESSAGE Missing required capability Require-Capability: osgi.ee; filter="(|(&(osgi.ee=CDC/Foundation)(version=1.0))(&(osgi.ee=JavaSE)(version=1.3)))".
!SUBENTRY 2 org.eclipse.equinox.jsp.jasper 2 0 2016-11-10 14:06:06.447
!MESSAGE Missing imported package org.apache.jasper.servlet_[0.0.0,6.0.0).

!ENTRY org.eclipse.osgi 2 0 2016-11-10 14:06:06.459
!MESSAGE The following is a complete list of bundles which are not resolved, see the prior log entry for the root cause if it exists:
!SUBENTRY 1 org.eclipse.osgi 2 0 2016-11-10 14:06:06.460
!MESSAGE Bundle com.jiuqi.dna.demo.storage_1.0.0.qualifier [85] was not resolved.
!SUBENTRY 2 com.jiuqi.dna.demo.storage 2 0 2016-11-10 14:06:06.460
!MESSAGE Missing required bundle com.jiuqi.dna.core_0.0.0.
!SUBENTRY 1 org.eclipse.osgi 2 0 2016-11-10 14:06:06.460
!MESSAGE Bundle com.jiuqi.dna.demo.service_1.0.0.qualifier [86] was not resolved.
!SUBENTRY 2 com.jiuqi.dna.demo.service 2 0 2016-11-10 14:06:06.460
!MESSAGE Missing required bundle com.jiuqi.dna.core_3.6.0.
!SUBENTRY 2 com.jiuqi.dna.demo.service 2 0 2016-11-10 14:06:06.460
!MESSAGE Missing imported package com.jiuqi.dna.core.service_0.0.0.
!SUBENTRY 1 org.eclipse.osgi 2 0 2016-11-10 14:06:06.460
!MESSAGE Bundle com.jiuqi.dna.demo.ui_1.0.0.qualifier [87] was not resolved.
!SUBENTRY 2 com.jiuqi.dna.demo.ui 2 0 2016-11-10 14:06:06.460
!MESSAGE Missing required bundle com.jiuqi.dna.ui.wt_0.0.0.
!SUBENTRY 2 com.jiuqi.dna.demo.ui 2 0 2016-11-10 14:06:06.460
!MESSAGE Missing required bundle com.jiuqi.dna.ui.common_0.0.0.
!SUBENTRY 2 com.jiuqi.dna.demo.ui 2 0 2016-11-10 14:06:06.460
!MESSAGE Missing required bundle com.jiuqi.dna.ui.lightweight_0.0.0.
!SUBENTRY 2 com.jiuqi.dna.demo.ui 2 0 2016-11-10 14:06:06.460
!MESSAGE Missing required bundle com.jiuqi.dna.ui.custom_0.0.0.
!SUBENTRY 2 com.jiuqi.dna.demo.ui 2 0 2016-11-10 14:06:06.460
!MESSAGE Missing required bundle com.jiuqi.dna.ui.engine_0.0.0.
!SUBENTRY 2 com.jiuqi.dna.demo.ui 2 0 2016-11-10 14:06:06.461
!MESSAGE Missing required bundle com.jiuqi.dna.bap.common_1.0.0.
!SUBENTRY 2 com.jiuqi.dna.demo.ui 2 0 2016-11-10 14:06:06.461
!MESSAGE Missing required bundle com.jiuqi.dna.ui.portal.core_1.0.0.
!SUBENTRY 2 com.jiuqi.dna.demo.ui 2 0 2016-11-10 14:06:06.461
!MESSAGE Missing imported package com.jiuqi.dna.demo.service_0.0.0.
!SUBENTRY 2 com.jiuqi.dna.demo.ui 2 0 2016-11-10 14:06:06.461
!MESSAGE Missing imported package com.jiuqi.dna.demo.service.task_0.0.0.
!SUBENTRY 1 org.eclipse.osgi 2 0 2016-11-10 14:06:06.461
!MESSAGE Bundle com.jiuqi.dna.ui.launch.web_2.0.0 [88] was not resolved.
!SUBENTRY 2 com.jiuqi.dna.ui.launch.web 2 0 2016-11-10 14:06:06.461
!MESSAGE Missing required bundle com.jiuqi.dna.core_0.0.0.
!SUBENTRY 2 com.jiuqi.dna.ui.launch.web 2 0 2016-11-10 14:06:06.461
!MESSAGE Missing required bundle com.jiuqi.dna.ui.engine_0.0.0.
!SUBENTRY 2 com.jiuqi.dna.ui.launch.web 2 0 2016-11-10 14:06:06.461
!MESSAGE Missing required bundle com.jiuqi.dna.ui.common_0.0.0.
!SUBENTRY 2 com.jiuqi.dna.ui.launch.web 2 0 2016-11-10 14:06:06.461
!MESSAGE Missing required bundle com.jiuqi.dna.ui.launch_0.0.0.
!SUBENTRY 2 com.jiuqi.dna.ui.launch.web 2 0 2016-11-10 14:06:06.462
!MESSAGE Missing required bundle com.jiuqi.dna.ui.wt_0.0.0.
!SUBENTRY 2 com.jiuqi.dna.ui.launch.web 2 0 2016-11-10 14:06:06.462
!MESSAGE Missing required bundle com.jiuqi.dna.ui.tm.desktop_0.0.0.
!SUBENTRY 2 com.jiuqi.dna.ui.launch.web 2 0 2016-11-10 14:06:06.462
!MESSAGE Missing required bundle com.jiuqi.dna.ui.monitor_0.0.0.
!SUBENTRY 2 com.jiuqi.dna.ui.launch.web 2 0 2016-11-10 14:06:06.462
!MESSAGE Missing required bundle com.jiuqi.dna.ui.platform.update_0.0.0.
!SUBENTRY 2 com.jiuqi.dna.ui.launch.web 2 0 2016-11-10 14:06:06.462
!MESSAGE Missing required bundle org.eclipse.equinox.jsp.jasper_1.0.1.
!SUBENTRY 1 org.eclipse.osgi 2 0 2016-11-10 14:06:06.462
!MESSAGE Bundle com.jiuqi.dna.ui.custom_2.0.0 [89] was not resolved.
!SUBENTRY 2 com.jiuqi.dna.ui.custom 2 0 2016-11-10 14:06:06.462
!MESSAGE Missing required bundle com.jiuqi.dna.ui.wt_0.0.0.
!SUBENTRY 2 com.jiuqi.dna.ui.custom 2 0 2016-11-10 14:06:06.462
!MESSAGE Missing required bundle com.jiuqi.dna.ui.common_0.0.0.
!SUBENTRY 2 com.jiuqi.dna.ui.custom 2 0 2016-11-10 14:06:06.462
!MESSAGE Missing required bundle com.jiuqi.dna.ui.lightweight_0.0.0.
!SUBENTRY 2 com.jiuqi.dna.ui.custom 2 0 2016-11-10 14:06:06.462
!MESSAGE Missing required bundle com.jiuqi.dna.ui.engine_0.0.0.
!SUBENTRY 2 com.jiuqi.dna.ui.custom 2 0 2016-11-10 14:06:06.463
!MESSAGE Missing required bundle com.jiuqi.dna.ui.thr.ole_2.0.0.
!SUBENTRY 2 com.jiuqi.dna.ui.custom 2 0 2016-11-10 14:06:06.463
!MESSAGE Missing required bundle com.jiuqi.dna.ui.wt.adapter.browser2_1.0.0.
!SUBENTRY 1 org.eclipse.osgi 2 0 2016-11-10 14:06:06.463
!MESSAGE Bundle com.jiuqi.dna.core.cache.dist_1.0.0 [91] was not resolved.
!SUBENTRY 2 com.jiuqi.dna.core.cache.dist 2 0 2016-11-10 14:06:06.463
!MESSAGE Missing host com.jiuqi.dna.core_3.3.0.
!SUBENTRY 1 org.eclipse.osgi 2 0 2016-11-10 14:06:06.463
!MESSAGE Bundle com.jiuqi.dna.ui.wt_2.0.0 [98] was not resolved.
!SUBENTRY 2 com.jiuqi.dna.ui.wt 2 0 2016-11-10 14:06:06.463
!MESSAGE Missing required bundle com.jiuqi.dna.ui.engine_0.0.0.
!SUBENTRY 2 com.jiuqi.dna.ui.wt 2 0 2016-11-10 14:06:06.463
!MESSAGE Missing required bundle com.jiuqi.dna.ui.common_0.0.0.
!SUBENTRY 2 com.jiuqi.dna.ui.wt 2 0 2016-11-10 14:06:06.463
!MESSAGE Missing required bundle com.jiuqi.dna.core_0.0.0.
!SUBENTRY 1 org.eclipse.osgi 2 0 2016-11-10 14:06:06.463
!MESSAGE Bundle com.jiuqi.dna.ui.lightweight_2.0.0 [106] was not resolved.
!SUBENTRY 2 com.jiuqi.dna.ui.lightweight 2 0 2016-11-10 14:06:06.464
!MESSAGE Missing required bundle com.jiuqi.dna.ui.common_0.0.0.
!SUBENTRY 2 com.jiuqi.dna.ui.lightweight 2 0 2016-11-10 14:06:06.464
!MESSAGE Missing required bundle com.jiuqi.dna.ui.engine_0.0.0.
!SUBENTRY 2 com.jiuqi.dna.ui.lightweight 2 0 2016-11-10 14:06:06.464
!MESSAGE Missing required bundle com.jiuqi.dna.ui.wt.adapter.desktop_0.0.0.
!SUBENTRY 2 com.jiuqi.dna.ui.lightweight 2 0 2016-11-10 14:06:06.464
!MESSAGE Missing required bundle com.jiuqi.dna.ui.wt_0.0.0.
!SUBENTRY 2 com.jiuqi.dna.ui.lightweight 2 0 2016-11-10 14:06:06.464
!MESSAGE Missing required bundle com.jiuqi.dna.ui.wt.adapter.browser2_1.0.0.
!SUBENTRY 1 org.eclipse.osgi 2 0 2016-11-10 14:06:06.464
!MESSAGE Bundle org.eclipse.equinox.jsp.jasper_1.0.400.v20130327-1442 [111] was not resolved.
!SUBENTRY 2 org.eclipse.equinox.jsp.jasper 2 0 2016-11-10 14:06:06.464
!MESSAGE Missing imported package org.apache.jasper.servlet_[0.0.0,6.0.0).
!SUBENTRY 2 org.eclipse.equinox.jsp.jasper 2 0 2016-11-10 14:06:06.464
!MESSAGE Missing required capability Require-Capability: osgi.ee; filter="(|(&(osgi.ee=CDC/Foundation)(version=1.0))(&(osgi.ee=JavaSE)(version=1.3)))".
!SUBENTRY 1 org.eclipse.osgi 2 0 2016-11-10 14:06:06.464
!MESSAGE Bundle com.jiuqi.dna.ui.tm.desktop_2.0.0 [116] was not resolved.
!SUBENTRY 2 com.jiuqi.dna.ui.tm.desktop 2 0 2016-11-10 14:06:06.464
!MESSAGE Missing required bundle com.jiuqi.dna.ui.launch_0.0.0.
!SUBENTRY 2 com.jiuqi.dna.ui.tm.desktop 2 0 2016-11-10 14:06:06.464
!MESSAGE Missing required bundle com.jiuqi.dna.ui.engine_0.0.0.
!SUBENTRY 2 com.jiuqi.dna.ui.tm.desktop 2 0 2016-11-10 14:06:06.465
!MESSAGE Missing required bundle com.jiuqi.dna.ui.wt.adapter.desktop_0.0.0.
!SUBENTRY 2 com.jiuqi.dna.ui.tm.desktop 2 0 2016-11-10 14:06:06.465
!MESSAGE Missing required bundle com.jiuqi.dna.ui.common_0.0.0.
!SUBENTRY 2 com.jiuqi.dna.ui.tm.desktop 2 0 2016-11-10 14:06:06.465
!MESSAGE Missing required bundle com.jiuqi.dna.ui.wt_0.0.0.
!SUBENTRY 1 org.eclipse.osgi 2 0 2016-11-10 14:06:06.465
!MESSAGE Bundle com.jiuqi.dna.ui.monitor_2.0.0 [117] was not resolved.
!SUBENTRY 2 com.jiuqi.dna.ui.monitor 2 0 2016-11-10 14:06:06.465
!MESSAGE Missing required bundle com.jiuqi.dna.ui.launch_0.0.0.
!SUBENTRY 2 com.jiuqi.dna.ui.monitor 2 0 2016-11-10 14:06:06.465
!MESSAGE Missing required bundle com.jiuqi.dna.ui.engine_0.0.0.
!SUBENTRY 1 org.eclipse.osgi 2 0 2016-11-10 14:06:06.465
!MESSAGE Bundle com.jiuqi.dna.ui.common_2.5.1 [119] was not resolved.
!SUBENTRY 2 com.jiuqi.dna.ui.common 2 0 2016-11-10 14:06:06.465
!MESSAGE Missing required bundle com.jiuqi.dna.core_2.5.0.
!SUBENTRY 1 org.eclipse.osgi 2 0 2016-11-10 14:06:06.465
!MESSAGE Bundle com.jiuqi.dna.core_3.3.0 [122] was not resolved.
!SUBENTRY 2 com.jiuqi.dna.core 2 0 2016-11-10 14:06:06.465
!MESSAGE Missing required bundle com.jiuqi.dna.bridge.proxy_1.0.0.
!SUBENTRY 2 com.jiuqi.dna.core 2 0 2016-11-10 14:06:06.466
!MESSAGE Missing optionally required bundle com.jiuqi.dna.core.ws_1.0.0.
!SUBENTRY 2 com.jiuqi.dna.core 2 0 2016-11-10 14:06:06.466
!MESSAGE Missing required bundle com.jiuqi.dna.ide.boot_1.0.0.
!SUBENTRY 2 com.jiuqi.dna.core 2 0 2016-11-10 14:06:06.466
!MESSAGE Missing optionally imported package javax.xml.bind.annotation_2.2.1.
!SUBENTRY 1 org.eclipse.osgi 2 0 2016-11-10 14:06:06.466
!MESSAGE Bundle com.jiuqi.dna.ui.engine_2.0.0 [124] was not resolved.
!SUBENTRY 2 com.jiuqi.dna.ui.engine 2 0 2016-11-10 14:06:06.466
!MESSAGE Missing required bundle com.jiuqi.dna.core_0.0.0.
!SUBENTRY 2 com.jiuqi.dna.ui.engine 2 0 2016-11-10 14:06:06.466
!MESSAGE Missing required bundle com.jiuqi.dna.ui.common_0.0.0.
!SUBENTRY 1 org.eclipse.osgi 2 0 2016-11-10 14:06:06.466
!MESSAGE Bundle com.jiuqi.dna.ui.launch_2.0.0 [126] was not resolved.
!SUBENTRY 2 com.jiuqi.dna.ui.launch 2 0 2016-11-10 14:06:06.466
!MESSAGE Missing required bundle com.jiuqi.dna.core_0.0.0.
!SUBENTRY 2 com.jiuqi.dna.ui.launch 2 0 2016-11-10 14:06:06.466
!MESSAGE Missing required bundle com.jiuqi.dna.ui.common_0.0.0.
!SUBENTRY 2 com.jiuqi.dna.ui.launch 2 0 2016-11-10 14:06:06.466
!MESSAGE Missing required bundle com.jiuqi.dna.ui.engine_0.0.0.
!SUBENTRY 2 com.jiuqi.dna.ui.launch 2 0 2016-11-10 14:06:06.466
!MESSAGE Missing required bundle com.jiuqi.dna.ui.wt_0.0.0.
!SUBENTRY 1 org.eclipse.osgi 2 0 2016-11-10 14:06:06.467
!MESSAGE Bundle com.jiuqi.dna.ui.thr.ole_2.0.0 [127] was not resolved.
!SUBENTRY 2 com.jiuqi.dna.ui.thr.ole 2 0 2016-11-10 14:06:06.467
!MESSAGE Missing required bundle com.jiuqi.dna.ui.common_0.0.0.
!SUBENTRY 2 com.jiuqi.dna.ui.thr.ole 2 0 2016-11-10 14:06:06.467
!MESSAGE Missing required bundle com.jiuqi.dna.ui.wt_0.0.0.
!SUBENTRY 2 com.jiuqi.dna.ui.thr.ole 2 0 2016-11-10 14:06:06.467
!MESSAGE Missing required bundle com.jiuqi.dna.ui.engine_0.0.0.
!SUBENTRY 2 com.jiuqi.dna.ui.thr.ole 2 0 2016-11-10 14:06:06.467
!MESSAGE Missing required bundle com.jiuqi.dna.ui.wt.adapter.desktop_0.0.0.
!SUBENTRY 2 com.jiuqi.dna.ui.thr.ole 2 0 2016-11-10 14:06:06.467
!MESSAGE Missing required bundle com.jiuqi.dna.ui.launch.web_2.0.0.
!SUBENTRY 2 com.jiuqi.dna.ui.thr.ole 2 0 2016-11-10 14:06:06.467
!MESSAGE Missing required bundle com.jiuqi.dna.ui.launch_2.0.0.
!SUBENTRY 2 com.jiuqi.dna.ui.thr.ole 2 0 2016-11-10 14:06:06.467
!MESSAGE Missing required bundle com.jiuqi.dna.ui.wt.adapter.browser2_1.0.0.
!SUBENTRY 1 org.eclipse.osgi 2 0 2016-11-10 14:06:06.467
!MESSAGE Bundle com.jiuqi.dna.ui.wt.adapter.browser2_1.0.0 [131] was not resolved.
!SUBENTRY 2 com.jiuqi.dna.ui.wt.adapter.browser2 2 0 2016-11-10 14:06:06.467
!MESSAGE Missing required bundle com.jiuqi.dna.ui.engine_0.0.0.
!SUBENTRY 2 com.jiuqi.dna.ui.wt.adapter.browser2 2 0 2016-11-10 14:06:06.468
!MESSAGE Missing required bundle com.jiuqi.dna.ui.wt_0.0.0.
!SUBENTRY 2 com.jiuqi.dna.ui.wt.adapter.browser2 2 0 2016-11-10 14:06:06.468
!MESSAGE Missing required bundle com.jiuqi.dna.ui.common_0.0.0.
!SUBENTRY 2 com.jiuqi.dna.ui.wt.adapter.browser2 2 0 2016-11-10 14:06:06.468
!MESSAGE Missing required bundle com.jiuqi.dna.ui.launch_0.0.0.
!SUBENTRY 2 com.jiuqi.dna.ui.wt.adapter.browser2 2 0 2016-11-10 14:06:06.468
!MESSAGE Missing required bundle com.jiuqi.dna.ui.launch.web_0.0.0.
!SUBENTRY 2 com.jiuqi.dna.ui.wt.adapter.browser2 2 0 2016-11-10 14:06:06.468
!MESSAGE Missing imported package com.jiuqi.dna.ui.wt.adapter.browser2_0.0.0.
!SUBENTRY 1 org.eclipse.osgi 2 0 2016-11-10 14:06:06.468
!MESSAGE Bundle com.jiuqi.nlib.dna_1.0.0 [135] was not resolved.
!SUBENTRY 2 com.jiuqi.nlib.dna 2 0 2016-11-10 14:06:06.469
!MESSAGE Missing required bundle com.jiuqi.dna.core_1.0.0.
!SUBENTRY 1 org.eclipse.osgi 2 0 2016-11-10 14:06:06.469
!MESSAGE Bundle com.jiuqi.dna.ui.wt.adapter.desktop_2.0.0 [139] was not resolved.
!SUBENTRY 2 com.jiuqi.dna.ui.wt.adapter.desktop 2 0 2016-11-10 14:06:06.469
!MESSAGE Missing required bundle com.jiuqi.dna.ui.engine_0.0.0.
!SUBENTRY 2 com.jiuqi.dna.ui.wt.adapter.desktop 2 0 2016-11-10 14:06:06.469
!MESSAGE Missing required bundle com.jiuqi.dna.ui.wt_0.0.0.
!SUBENTRY 2 com.jiuqi.dna.ui.wt.adapter.desktop 2 0 2016-11-10 14:06:06.469
!MESSAGE Missing required bundle com.jiuqi.dna.ui.common_0.0.0.
!SUBENTRY 1 org.eclipse.osgi 2 0 2016-11-10 14:06:06.469
!MESSAGE Bundle com.jiuqi.dna.ui.platform.update_2.0.0 [142] was not resolved.
!SUBENTRY 2 com.jiuqi.dna.ui.platform.update 2 0 2016-11-10 14:06:06.469
!MESSAGE Missing required bundle com.jiuqi.dna.ui.engine_0.0.0.
